ASSERTION	AAECAAIEAAAAAAAAwFdA
ASSERTION	AAIDAAECAwAAAAAAAECfQA==
RUN	ApiPerform	apiperform	1684489578226	 	3.9.3
USER	Chained Scenario	START	1684489589833
USER	Chained Scenario	START	1684489589832
USER	Chained Scenario	START	1684489589833
USER	Chained Scenario	START	1684489589833
USER	Chained Scenario	START	1684489589835
USER	Chained Scenario	START	1684489589835
USER	Chained Scenario	START	1684489589832
USER	Chained Scenario	START	1684489589833
USER	Chained Scenario	START	1684489589838
USER	Chained Scenario	START	1684489589840
USER	Chained Scenario	START	1684489589841
USER	Chained Scenario	START	1684489589842
USER	Chained Scenario	START	1684489589842
USER	Chained Scenario	START	1684489589842
USER	Chained Scenario	START	1684489589843
USER	Chained Scenario	START	1684489589845
USER	Chained Scenario	START	1684489589846
USER	Chained Scenario	START	1684489589846
USER	Chained Scenario	START	1684489589848
USER	Chained Scenario	START	1684489589848
USER	Chained Scenario	START	1684489589848
USER	Chained Scenario	START	1684489589850
USER	Chained Scenario	START	1684489589851
USER	Chained Scenario	START	1684489589851
USER	Chained Scenario	START	1684489589851
USER	Chained Scenario	START	1684489589852
USER	Chained Scenario	START	1684489589853
USER	Chained Scenario	START	1684489589854
USER	Chained Scenario	START	1684489589855
USER	Chained Scenario	START	1684489589856
USER	Chained Scenario	START	1684489589856
USER	Chained Scenario	START	1684489589857
USER	Chained Scenario	START	1684489589857
USER	Chained Scenario	START	1684489589857
USER	Chained Scenario	START	1684489589858
USER	Chained Scenario	START	1684489589858
USER	Chained Scenario	START	1684489589858
USER	Chained Scenario	START	1684489589858
USER	Chained Scenario	START	1684489589858
USER	Chained Scenario	START	1684489589859
USER	Chained Scenario	START	1684489589860
USER	Chained Scenario	START	1684489589860
USER	Chained Scenario	START	1684489589861
USER	Chained Scenario	START	1684489589862
USER	Chained Scenario	START	1684489589862
USER	Chained Scenario	START	1684489589863
USER	Chained Scenario	START	1684489589863
USER	Chained Scenario	START	1684489589864
USER	Chained Scenario	START	1684489589865
USER	Chained Scenario	START	1684489589866
REQUEST		GET Request	1684489589841	1684489591573	OK	 
USER	Chained Scenario	END	1684489591605
REQUEST		GET Request	1684489589840	1684489591790	OK	 
USER	Chained Scenario	END	1684489591793
REQUEST		GET Request	1684489589855	1684489591917	OK	 
USER	Chained Scenario	END	1684489591919
REQUEST		GET Request	1684489589848	1684489592044	OK	 
USER	Chained Scenario	END	1684489592046
REQUEST		GET Request	1684489589848	1684489592046	OK	 
USER	Chained Scenario	END	1684489592048
REQUEST		GET Request	1684489589857	1684489592350	OK	 
USER	Chained Scenario	END	1684489592352
REQUEST		GET Request	1684489589859	1684489592495	OK	 
REQUEST		GET Request	1684489589856	1684489592495	OK	 
USER	Chained Scenario	END	1684489592498
USER	Chained Scenario	END	1684489592498
REQUEST		GET Request	1684489589845	1684489592605	OK	 
REQUEST		GET Request	1684489589820	1684489592605	OK	 
USER	Chained Scenario	END	1684489592606
USER	Chained Scenario	END	1684489592607
REQUEST		GET Request	1684489589839	1684489592646	OK	 
REQUEST		GET Request	1684489589822	1684489592646	OK	 
REQUEST		GET Request	1684489589822	1684489592647	OK	 
USER	Chained Scenario	END	1684489592648
USER	Chained Scenario	END	1684489592648
USER	Chained Scenario	END	1684489592649
REQUEST		GET Request	1684489589847	1684489592663	OK	 
USER	Chained Scenario	END	1684489592665
REQUEST		GET Request	1684489589820	1684489592696	OK	 
USER	Chained Scenario	END	1684489592698
REQUEST		GET Request	1684489589864	1684489592699	OK	 
REQUEST		GET Request	1684489589843	1684489592699	OK	 
USER	Chained Scenario	END	1684489592701
USER	Chained Scenario	END	1684489592701
REQUEST		GET Request	1684489589820	1684489592815	OK	 
USER	Chained Scenario	END	1684489592817
REQUEST		GET Request	1684489589822	1684489592865	OK	 
USER	Chained Scenario	END	1684489592867
REQUEST		GET Request	1684489589857	1684489592984	OK	 
REQUEST		GET Request	1684489589852	1684489592984	OK	 
USER	Chained Scenario	END	1684489592986
USER	Chained Scenario	END	1684489592987
REQUEST		GET Request	1684489589844	1684489593021	OK	 
REQUEST		GET Request	1684489589822	1684489593022	OK	 
USER	Chained Scenario	END	1684489593023
USER	Chained Scenario	END	1684489593024
REQUEST		GET Request	1684489589854	1684489593050	OK	 
USER	Chained Scenario	END	1684489593052
REQUEST		GET Request	1684489589844	1684489593182	OK	 
USER	Chained Scenario	END	1684489593184
REQUEST		GET Request	1684489589822	1684489593220	OK	 
USER	Chained Scenario	END	1684489593222
REQUEST		GET Request	1684489589846	1684489593240	OK	 
USER	Chained Scenario	END	1684489593242
REQUEST		GET Request	1684489589850	1684489593516	OK	 
REQUEST		GET Request	1684489589822	1684489593516	OK	 
USER	Chained Scenario	END	1684489593518
USER	Chained Scenario	END	1684489593518
REQUEST		GET Request	1684489589862	1684489593557	OK	 
USER	Chained Scenario	END	1684489593560
REQUEST		GET Request	1684489589822	1684489593685	OK	 
USER	Chained Scenario	END	1684489593688
REQUEST		GET Request	1684489589861	1684489594109	OK	 
REQUEST		GET Request	1684489589822	1684489594109	OK	 
USER	Chained Scenario	END	1684489594111
USER	Chained Scenario	END	1684489594111
REQUEST		GET Request	1684489589863	1684489594140	OK	 
USER	Chained Scenario	END	1684489594142
REQUEST		GET Request	1684489589821	1684489594161	OK	 
USER	Chained Scenario	END	1684489594163
REQUEST		GET Request	1684489589861	1684489594199	OK	 
USER	Chained Scenario	END	1684489594201
REQUEST		GET Request	1684489589823	1684489594247	OK	 
USER	Chained Scenario	END	1684489594249
REQUEST		GET Request	1684489589855	1684489594326	OK	 
USER	Chained Scenario	END	1684489594328
REQUEST		GET Request	1684489589853	1684489594808	OK	 
USER	Chained Scenario	END	1684489594809
REQUEST		GET Request	1684489589852	1684489595423	OK	 
REQUEST		GET Request	1684489589860	1684489595423	OK	 
USER	Chained Scenario	END	1684489595425
USER	Chained Scenario	END	1684489595425
REQUEST		GET Request	1684489589850	1684489595499	OK	 
USER	Chained Scenario	END	1684489595501
REQUEST		GET Request	1684489589845	1684489595953	OK	 
USER	Chained Scenario	END	1684489595955
REQUEST		GET Request	1684489589845	1684489596311	OK	 
USER	Chained Scenario	END	1684489596314
REQUEST		GET Request	1684489589822	1684489596481	OK	 
USER	Chained Scenario	END	1684489596483
REQUEST		GET Request	1684489589821	1684489596483	OK	 
USER	Chained Scenario	END	1684489596484
REQUEST		GET Request	1684489589865	1684489596936	OK	 
USER	Chained Scenario	END	1684489596938
REQUEST		GET Request	1684489589854	1684489597011	OK	 
USER	Chained Scenario	END	1684489597013
REQUEST		GET Request	1684489589853	1684489597026	OK	 
USER	Chained Scenario	END	1684489597027
REQUEST		GET Request	1684489589820	1684489597067	OK	 
USER	Chained Scenario	END	1684489597069
