ASSERTION	AAECAAIEAAAAAAAAwFdA
ASSERTION	AAIDAAECAwAAAAAAAIjDQA==
RUN	ApiPerform	apiperform	1684492023078	 	3.9.3
USER	Chained Scenario	START	1684492029824
USER	Chained Scenario	START	1684492029826
USER	Chained Scenario	START	1684492029826
USER	Chained Scenario	START	1684492029825
USER	Chained Scenario	START	1684492029827
USER	Chained Scenario	START	1684492029827
USER	Chained Scenario	START	1684492029828
USER	Chained Scenario	START	1684492029829
USER	Chained Scenario	START	1684492029830
USER	Chained Scenario	START	1684492029830
USER	Chained Scenario	START	1684492029831
USER	Chained Scenario	START	1684492029831
USER	Chained Scenario	START	1684492029831
USER	Chained Scenario	START	1684492029832
USER	Chained Scenario	START	1684492029833
USER	Chained Scenario	START	1684492029834
USER	Chained Scenario	START	1684492029835
USER	Chained Scenario	START	1684492029836
USER	Chained Scenario	START	1684492029837
USER	Chained Scenario	START	1684492029838
USER	Chained Scenario	START	1684492029838
USER	Chained Scenario	START	1684492029838
USER	Chained Scenario	START	1684492029840
USER	Chained Scenario	START	1684492029841
USER	Chained Scenario	START	1684492029843
USER	Chained Scenario	START	1684492029844
USER	Chained Scenario	START	1684492029844
USER	Chained Scenario	START	1684492029847
USER	Chained Scenario	START	1684492029847
USER	Chained Scenario	START	1684492029848
USER	Chained Scenario	START	1684492029848
USER	Chained Scenario	START	1684492029850
USER	Chained Scenario	START	1684492029852
USER	Chained Scenario	START	1684492029854
USER	Chained Scenario	START	1684492029854
USER	Chained Scenario	START	1684492029854
USER	Chained Scenario	START	1684492029855
USER	Chained Scenario	START	1684492029858
USER	Chained Scenario	START	1684492029858
USER	Chained Scenario	START	1684492029858
USER	Chained Scenario	START	1684492029859
USER	Chained Scenario	START	1684492029860
USER	Chained Scenario	START	1684492029860
USER	Chained Scenario	START	1684492029860
USER	Chained Scenario	START	1684492029862
USER	Chained Scenario	START	1684492029864
USER	Chained Scenario	START	1684492029865
USER	Chained Scenario	START	1684492029865
USER	Chained Scenario	START	1684492029866
USER	Chained Scenario	START	1684492029867
REQUEST		GET Request	1684492029831	1684492034651	OK	 
USER	Chained Scenario	END	1684492034690
REQUEST		GET Request	1684492029830	1684492034818	OK	 
USER	Chained Scenario	END	1684492034821
REQUEST		GET Request	1684492029846	1684492035169	OK	 
USER	Chained Scenario	END	1684492035172
REQUEST		GET Request	1684492029827	1684492035173	OK	 
USER	Chained Scenario	END	1684492035176
REQUEST		GET Request	1684492029830	1684492035206	OK	 
USER	Chained Scenario	END	1684492035209
REQUEST		GET Request	1684492029859	1684492035215	OK	 
USER	Chained Scenario	END	1684492035218
REQUEST		GET Request	1684492029833	1684492035615	OK	 
REQUEST		GET Request	1684492029861	1684492035615	OK	 
REQUEST		GET Request	1684492029812	1684492035615	OK	 
USER	Chained Scenario	END	1684492035617
USER	Chained Scenario	END	1684492035617
REQUEST		GET Request	1684492029837	1684492035617	OK	 
USER	Chained Scenario	END	1684492035620
USER	Chained Scenario	END	1684492035620
REQUEST		GET Request	1684492029843	1684492035694	OK	 
USER	Chained Scenario	END	1684492035696
REQUEST		GET Request	1684492029840	1684492035727	OK	 
USER	Chained Scenario	END	1684492035729
REQUEST		GET Request	1684492029810	1684492036006	OK	 
USER	Chained Scenario	END	1684492036009
REQUEST		GET Request	1684492029810	1684492036133	OK	 
REQUEST		GET Request	1684492029853	1684492036133	OK	 
USER	Chained Scenario	END	1684492036135
USER	Chained Scenario	END	1684492036136
REQUEST		GET Request	1684492029857	1684492036254	OK	 
USER	Chained Scenario	END	1684492036256
REQUEST		GET Request	1684492029829	1684492036462	OK	 
USER	Chained Scenario	END	1684492036464
REQUEST		GET Request	1684492029842	1684492036512	OK	 
USER	Chained Scenario	END	1684492036515
REQUEST		GET Request	1684492029866	1684492036531	OK	 
USER	Chained Scenario	END	1684492036533
REQUEST		GET Request	1684492029812	1684492036545	OK	 
USER	Chained Scenario	END	1684492036547
REQUEST		GET Request	1684492029864	1684492036957	OK	 
USER	Chained Scenario	END	1684492036959
REQUEST		GET Request	1684492029838	1684492037000	OK	 
USER	Chained Scenario	END	1684492037003
REQUEST		GET Request	1684492029829	1684492037130	OK	 
REQUEST		GET Request	1684492029811	1684492037130	OK	 
USER	Chained Scenario	END	1684492037132
USER	Chained Scenario	END	1684492037132
REQUEST		GET Request	1684492029834	1684492037178	OK	 
USER	Chained Scenario	END	1684492037180
REQUEST		GET Request	1684492029813	1684492037487	OK	 
USER	Chained Scenario	END	1684492037490
REQUEST		GET Request	1684492029813	1684492037562	OK	 
USER	Chained Scenario	END	1684492037564
REQUEST		GET Request	1684492029807	1684492037852	OK	 
USER	Chained Scenario	END	1684492037854
REQUEST		GET Request	1684492029833	1684492037859	OK	 
USER	Chained Scenario	END	1684492037861
REQUEST		GET Request	1684492029810	1684492038939	OK	 
USER	Chained Scenario	END	1684492038941
REQUEST		GET Request	1684492029857	1684492038989	OK	 
USER	Chained Scenario	END	1684492038991
REQUEST		GET Request	1684492029846	1684492038997	OK	 
USER	Chained Scenario	END	1684492038999
REQUEST		GET Request	1684492029813	1684492039046	OK	 
USER	Chained Scenario	END	1684492039047
REQUEST		GET Request	1684492029863	1684492039244	OK	 
USER	Chained Scenario	END	1684492039247
REQUEST		GET Request	1684492029863	1684492039484	OK	 
USER	Chained Scenario	END	1684492039486
REQUEST		GET Request	1684492029853	1684492039493	OK	 
USER	Chained Scenario	END	1684492039495
REQUEST		GET Request	1684492029831	1684492039506	OK	 
USER	Chained Scenario	END	1684492039509
REQUEST		GET Request	1684492029813	1684492039545	OK	 
USER	Chained Scenario	END	1684492039547
REQUEST		GET Request	1684492029835	1684492039587	OK	 
USER	Chained Scenario	END	1684492039589
REQUEST		GET Request	1684492029859	1684492039682	OK	 
USER	Chained Scenario	END	1684492039684
REQUEST		GET Request	1684492029855	1684492039835	OK	 
REQUEST		GET Request	1684492029809	1684492039835	OK	 
USER	Chained Scenario	END	1684492039837
USER	Chained Scenario	END	1684492039837
REQUEST		GET Request	1684492029810	1684492039963	KO	i.n.h.s.SslHandshakeTimeoutException: handshake timed out after 10000ms
REQUEST		GET Request	1684492029850	1684492039955	KO	i.n.h.s.SslHandshakeTimeoutException: handshake timed out after 10000ms
USER	Chained Scenario	END	1684492039975
USER	Chained Scenario	END	1684492039975
REQUEST		GET Request	1684492029835	1684492039978	KO	i.n.h.s.SslHandshakeTimeoutException: handshake timed out after 10000ms
USER	Chained Scenario	END	1684492039979
REQUEST		GET Request	1684492029808	1684492040609	OK	 
USER	Chained Scenario	END	1684492040612
REQUEST		GET Request	1684492029807	1684492041711	OK	 
REQUEST		GET Request	1684492029854	1684492041711	OK	 
USER	Chained Scenario	END	1684492041713
USER	Chained Scenario	END	1684492041713
REQUEST		GET Request	1684492029847	1684492042481	OK	 
USER	Chained Scenario	END	1684492042483
REQUEST		GET Request	1684492029811	1684492043160	OK	 
USER	Chained Scenario	END	1684492043162
