ASSERTION	AAECAAIEAAAAAAAAwFdA
ASSERTION	AAIDAAECAwAAAAAAAIjDQA==
RUN	ApiPerform	apiperform	1684489639280	 	3.9.3
USER	Chained Scenario	START	1684489645740
USER	Chained Scenario	START	1684489645740
USER	Chained Scenario	START	1684489645739
USER	Chained Scenario	START	1684489645741
USER	Chained Scenario	START	1684489645744
USER	Chained Scenario	START	1684489645747
USER	Chained Scenario	START	1684489645748
USER	Chained Scenario	START	1684489645748
USER	Chained Scenario	START	1684489645749
USER	Chained Scenario	START	1684489645749
USER	Chained Scenario	START	1684489645749
USER	Chained Scenario	START	1684489645739
USER	Chained Scenario	START	1684489645751
USER	Chained Scenario	START	1684489645751
USER	Chained Scenario	START	1684489645751
USER	Chained Scenario	START	1684489645745
USER	Chained Scenario	START	1684489645754
USER	Chained Scenario	START	1684489645755
USER	Chained Scenario	START	1684489645758
USER	Chained Scenario	START	1684489645758
USER	Chained Scenario	START	1684489645759
USER	Chained Scenario	START	1684489645759
USER	Chained Scenario	START	1684489645760
USER	Chained Scenario	START	1684489645760
USER	Chained Scenario	START	1684489645761
USER	Chained Scenario	START	1684489645762
USER	Chained Scenario	START	1684489645763
USER	Chained Scenario	START	1684489645764
USER	Chained Scenario	START	1684489645763
USER	Chained Scenario	START	1684489645766
USER	Chained Scenario	START	1684489645767
USER	Chained Scenario	START	1684489645767
USER	Chained Scenario	START	1684489645768
USER	Chained Scenario	START	1684489645769
USER	Chained Scenario	START	1684489645771
USER	Chained Scenario	START	1684489645771
USER	Chained Scenario	START	1684489645771
USER	Chained Scenario	START	1684489645773
USER	Chained Scenario	START	1684489645773
USER	Chained Scenario	START	1684489645773
USER	Chained Scenario	START	1684489645774
USER	Chained Scenario	START	1684489645774
USER	Chained Scenario	START	1684489645775
USER	Chained Scenario	START	1684489645776
USER	Chained Scenario	START	1684489645777
USER	Chained Scenario	START	1684489645778
USER	Chained Scenario	START	1684489645778
USER	Chained Scenario	START	1684489645780
USER	Chained Scenario	START	1684489645780
USER	Chained Scenario	START	1684489645781
REQUEST		GET Request	1684489645730	1684489646986	OK	 
USER	Chained Scenario	END	1684489647020
REQUEST		GET Request	1684489645730	1684489647569	OK	 
USER	Chained Scenario	END	1684489647571
REQUEST		GET Request	1684489645729	1684489647572	OK	 
USER	Chained Scenario	END	1684489647574
REQUEST		GET Request	1684489645775	1684489647718	OK	 
USER	Chained Scenario	END	1684489647721
REQUEST		GET Request	1684489645730	1684489647824	OK	 
USER	Chained Scenario	END	1684489647826
REQUEST		GET Request	1684489645766	1684489647953	OK	 
REQUEST		GET Request	1684489645730	1684489647953	OK	 
REQUEST		GET Request	1684489645731	1684489647953	OK	 
USER	Chained Scenario	END	1684489647956
USER	Chained Scenario	END	1684489647956
USER	Chained Scenario	END	1684489647956
REQUEST		GET Request	1684489645770	1684489648054	OK	 
REQUEST		GET Request	1684489645769	1684489648055	OK	 
REQUEST		GET Request	1684489645760	1684489648055	OK	 
USER	Chained Scenario	END	1684489648057
USER	Chained Scenario	END	1684489648057
USER	Chained Scenario	END	1684489648057
REQUEST		GET Request	1684489645730	1684489648059	OK	 
USER	Chained Scenario	END	1684489648060
REQUEST		GET Request	1684489645762	1684489648156	OK	 
REQUEST		GET Request	1684489645778	1684489648156	OK	 
REQUEST		GET Request	1684489645772	1684489648156	OK	 
USER	Chained Scenario	END	1684489648158
USER	Chained Scenario	END	1684489648159
USER	Chained Scenario	END	1684489648159
REQUEST		GET Request	1684489645776	1684489648335	OK	 
REQUEST		GET Request	1684489645757	1684489648335	OK	 
REQUEST		GET Request	1684489645751	1684489648335	OK	 
REQUEST		GET Request	1684489645760	1684489648335	OK	 
REQUEST		GET Request	1684489645766	1684489648335	OK	 
USER	Chained Scenario	END	1684489648337
USER	Chained Scenario	END	1684489648338
USER	Chained Scenario	END	1684489648338
USER	Chained Scenario	END	1684489648338
USER	Chained Scenario	END	1684489648338
REQUEST		GET Request	1684489645764	1684489648366	OK	 
USER	Chained Scenario	END	1684489648368
REQUEST		GET Request	1684489645731	1684489648484	OK	 
REQUEST		GET Request	1684489645730	1684489648485	OK	 
USER	Chained Scenario	END	1684489648486
USER	Chained Scenario	END	1684489648487
REQUEST		GET Request	1684489645757	1684489648518	OK	 
REQUEST		GET Request	1684489645777	1684489648519	OK	 
REQUEST		GET Request	1684489645750	1684489648519	OK	 
USER	Chained Scenario	END	1684489648520
USER	Chained Scenario	END	1684489648521
USER	Chained Scenario	END	1684489648522
REQUEST		GET Request	1684489645757	1684489648533	OK	 
USER	Chained Scenario	END	1684489648535
REQUEST		GET Request	1684489645753	1684489648549	OK	 
USER	Chained Scenario	END	1684489648551
REQUEST		GET Request	1684489645750	1684489648618	OK	 
USER	Chained Scenario	END	1684489648620
REQUEST		GET Request	1684489645754	1684489648751	OK	 
USER	Chained Scenario	END	1684489648753
REQUEST		GET Request	1684489645778	1684489648800	OK	 
USER	Chained Scenario	END	1684489648802
REQUEST		GET Request	1684489645767	1684489648806	OK	 
USER	Chained Scenario	END	1684489648808
REQUEST		GET Request	1684489645728	1684489648816	OK	 
USER	Chained Scenario	END	1684489648817
REQUEST		GET Request	1684489645770	1684489648823	OK	 
USER	Chained Scenario	END	1684489648825
REQUEST		GET Request	1684489645746	1684489648833	OK	 
USER	Chained Scenario	END	1684489648835
REQUEST		GET Request	1684489645731	1684489648917	OK	 
USER	Chained Scenario	END	1684489648920
REQUEST		GET Request	1684489645730	1684489649127	OK	 
USER	Chained Scenario	END	1684489649129
REQUEST		GET Request	1684489645765	1684489649488	OK	 
REQUEST		GET Request	1684489645779	1684489649488	OK	 
USER	Chained Scenario	END	1684489649490
USER	Chained Scenario	END	1684489649491
REQUEST		GET Request	1684489645749	1684489649529	OK	 
USER	Chained Scenario	END	1684489649531
REQUEST		GET Request	1684489645762	1684489649789	OK	 
USER	Chained Scenario	END	1684489649792
REQUEST		GET Request	1684489645729	1684489649824	OK	 
USER	Chained Scenario	END	1684489649826
REQUEST		GET Request	1684489645763	1684489649982	OK	 
REQUEST		GET Request	1684489645768	1684489649982	OK	 
USER	Chained Scenario	END	1684489649983
USER	Chained Scenario	END	1684489649984
REQUEST		GET Request	1684489645756	1684489650017	OK	 
USER	Chained Scenario	END	1684489650018
REQUEST		GET Request	1684489645728	1684489650024	OK	 
USER	Chained Scenario	END	1684489650026
REQUEST		GET Request	1684489645758	1684489650037	OK	 
USER	Chained Scenario	END	1684489650039
REQUEST		GET Request	1684489645731	1684489650077	OK	 
USER	Chained Scenario	END	1684489650080
REQUEST		GET Request	1684489645760	1684489650165	OK	 
USER	Chained Scenario	END	1684489650166
REQUEST		GET Request	1684489645730	1684489650254	OK	 
USER	Chained Scenario	END	1684489650256
